2017-02-27 8:50:27 - PHP Warning:  getimagesize(): Filename cannot be empty in /var/www/html/opencart/catalog/view/theme/porto/template/extension/module/advanced_grid/products/index13.tpl on line 13
2017-02-27 8:50:27 - PHP Warning:  getimagesize(): Filename cannot be empty in /var/www/html/opencart/catalog/view/theme/porto/template/new_elements/product.tpl on line 12
2017-02-27 9:17:49 - PHP Warning:  getimagesize(): Filename cannot be empty in /var/www/html/opencart/catalog/view/theme/porto/template/extension/module/advanced_grid/products/default.tpl on line 17
2017-02-27 9:17:49 - PHP Warning:  getimagesize(): Filename cannot be empty in /var/www/html/opencart/catalog/view/theme/porto/template/extension/module/advanced_grid/products/index13.tpl on line 13
2017-02-27 9:17:49 - PHP Warning:  getimagesize(): Filename cannot be empty in /var/www/html/opencart/catalog/view/theme/porto/template/new_elements/product.tpl on line 12
2017-02-27 9:18:35 - PHP Warning:  getimagesize(): Filename cannot be empty in /var/www/html/opencart/catalog/view/theme/porto/template/extension/module/advanced_grid/products/index13.tpl on line 13
2017-02-27 9:18:35 - PHP Warning:  getimagesize(): Filename cannot be empty in /var/www/html/opencart/catalog/view/theme/porto/template/new_elements/product.tpl on line 12
2017-02-27 9:24:10 - PHP Warning:  getimagesize(): Filename cannot be empty in /var/www/html/opencart/catalog/view/theme/porto/template/extension/module/advanced_grid/products/default.tpl on line 17
2017-02-27 9:24:10 - PHP Warning:  getimagesize(): Filename cannot be empty in /var/www/html/opencart/catalog/view/theme/porto/template/extension/module/advanced_grid/products/index13.tpl on line 13
2017-02-27 9:24:10 - PHP Warning:  getimagesize(): Filename cannot be empty in /var/www/html/opencart/catalog/view/theme/porto/template/new_elements/product.tpl on line 12
2017-02-27 9:25:58 - PHP Warning:  getimagesize(): Filename cannot be empty in /var/www/html/opencart/catalog/view/theme/porto/template/extension/module/advanced_grid/products/index13.tpl on line 13
2017-02-27 9:25:58 - PHP Warning:  getimagesize(): Filename cannot be empty in /var/www/html/opencart/catalog/view/theme/porto/template/new_elements/product.tpl on line 12
2017-02-27 9:29:08 - PHP Warning:  getimagesize(): Filename cannot be empty in /var/www/html/opencart/catalog/view/theme/porto/template/extension/module/advanced_grid/products/default.tpl on line 17
2017-02-27 9:29:20 - PHP Warning:  getimagesize(): Filename cannot be empty in /var/www/html/opencart/catalog/view/theme/porto/template/new_elements/product.tpl on line 12
2017-02-27 9:29:39 - PHP Warning:  getimagesize(): Filename cannot be empty in /var/www/html/opencart/catalog/view/theme/porto/template/extension/module/advanced_grid/products/default.tpl on line 17
2017-02-27 9:29:39 - PHP Warning:  getimagesize(): Filename cannot be empty in /var/www/html/opencart/catalog/view/theme/porto/template/extension/module/advanced_grid/products/index13.tpl on line 13
2017-02-27 9:29:39 - PHP Warning:  getimagesize(): Filename cannot be empty in /var/www/html/opencart/catalog/view/theme/porto/template/new_elements/product.tpl on line 12
2017-02-27 9:30:20 - PHP Warning:  getimagesize(): Filename cannot be empty in /var/www/html/opencart/catalog/view/theme/porto/template/extension/module/advanced_grid/products/default.tpl on line 17
2017-02-27 9:30:20 - PHP Warning:  getimagesize(): Filename cannot be empty in /var/www/html/opencart/catalog/view/theme/porto/template/extension/module/advanced_grid/products/index13.tpl on line 13
2017-02-27 9:30:20 - PHP Warning:  getimagesize(): Filename cannot be empty in /var/www/html/opencart/catalog/view/theme/porto/template/new_elements/product.tpl on line 12
2017-02-27 9:30:27 - PHP Warning:  getimagesize(): Filename cannot be empty in /var/www/html/opencart/catalog/view/theme/porto/template/extension/module/advanced_grid/products/default.tpl on line 17
2017-02-27 9:30:27 - PHP Warning:  getimagesize(): Filename cannot be empty in /var/www/html/opencart/catalog/view/theme/porto/template/extension/module/advanced_grid/products/index13.tpl on line 13
2017-02-27 9:30:27 - PHP Warning:  getimagesize(): Filename cannot be empty in /var/www/html/opencart/catalog/view/theme/porto/template/new_elements/product.tpl on line 12
2017-02-27 9:32:27 - PHP Warning:  getimagesize(): Filename cannot be empty in /var/www/html/opencart/catalog/view/theme/porto/template/extension/module/advanced_grid/products/index13.tpl on line 13
2017-02-27 9:32:27 - PHP Warning:  getimagesize(): Filename cannot be empty in /var/www/html/opencart/catalog/view/theme/porto/template/new_elements/product.tpl on line 12
2017-02-27 9:36:15 - PHP Warning:  getimagesize(): Filename cannot be empty in /var/www/html/opencart/catalog/view/theme/porto/template/extension/module/advanced_grid/products/default.tpl on line 17
2017-02-27 9:36:15 - PHP Warning:  getimagesize(): Filename cannot be empty in /var/www/html/opencart/catalog/view/theme/porto/template/extension/module/advanced_grid/products/index13.tpl on line 13
2017-02-27 9:36:15 - PHP Warning:  getimagesize(): Filename cannot be empty in /var/www/html/opencart/catalog/view/theme/porto/template/new_elements/product.tpl on line 12
2017-02-27 9:37:16 - PHP Warning:  getimagesize(): Filename cannot be empty in /var/www/html/opencart/catalog/view/theme/porto/template/extension/module/advanced_grid/products/default.tpl on line 17
2017-02-27 9:37:42 - PHP Warning:  getimagesize(): Filename cannot be empty in /var/www/html/opencart/catalog/view/theme/porto/template/extension/module/advanced_grid/products/index13.tpl on line 13
2017-02-27 9:37:42 - PHP Warning:  getimagesize(): Filename cannot be empty in /var/www/html/opencart/catalog/view/theme/porto/template/new_elements/product.tpl on line 12
2017-02-27 9:38:45 - PHP Warning:  getimagesize(): Filename cannot be empty in /var/www/html/opencart/catalog/view/theme/porto/template/extension/module/advanced_grid/products/index13.tpl on line 13
2017-02-27 9:38:45 - PHP Warning:  getimagesize(): Filename cannot be empty in /var/www/html/opencart/catalog/view/theme/porto/template/new_elements/product.tpl on line 12
2017-02-27 10:16:02 - PHP Notice:  Undefined index: slider_id in /var/www/html/opencart/admin/view/template/extension/module/camera_slider/placement.tpl on line 56
2017-02-27 10:20:01 - PHP Warning:  getimagesize(): Filename cannot be empty in /var/www/html/opencart/catalog/view/theme/porto/template/new_elements/product.tpl on line 12
2017-02-27 10:20:53 - PHP Warning:  getimagesize(): Filename cannot be empty in /var/www/html/opencart/catalog/view/theme/porto/template/extension/module/advanced_grid/products/index13.tpl on line 13
2017-02-27 10:20:53 - PHP Warning:  getimagesize(): Filename cannot be empty in /var/www/html/opencart/catalog/view/theme/porto/template/new_elements/product.tpl on line 12
2017-02-27 10:21:45 - PHP Warning:  getimagesize(): Filename cannot be empty in /var/www/html/opencart/catalog/view/theme/porto/template/new_elements/product.tpl on line 12
2017-02-27 10:22:21 - PHP Warning:  getimagesize(): Filename cannot be empty in /var/www/html/opencart/catalog/view/theme/porto/template/extension/module/advanced_grid/products/index13.tpl on line 13
2017-02-27 10:22:21 - PHP Warning:  getimagesize(): Filename cannot be empty in /var/www/html/opencart/catalog/view/theme/porto/template/new_elements/product.tpl on line 12
2017-02-27 10:23:11 - PHP Warning:  getimagesize(): Filename cannot be empty in /var/www/html/opencart/catalog/view/theme/porto/template/extension/module/advanced_grid/products/default.tpl on line 17
2017-02-27 10:23:12 - PHP Warning:  getimagesize(): Filename cannot be empty in /var/www/html/opencart/catalog/view/theme/porto/template/extension/module/advanced_grid/products/default.tpl on line 17
2017-02-27 10:32:24 - PHP Warning:  getimagesize(): Filename cannot be empty in /var/www/html/opencart/catalog/view/theme/porto/template/extension/module/advanced_grid/products/index13.tpl on line 13
2017-02-27 10:32:24 - PHP Warning:  getimagesize(): Filename cannot be empty in /var/www/html/opencart/catalog/view/theme/porto/template/new_elements/product.tpl on line 12
2017-02-27 10:35:42 - PHP Warning:  getimagesize(): Filename cannot be empty in /var/www/html/opencart/catalog/view/theme/porto/template/extension/module/advanced_grid/products/default.tpl on line 17
2017-02-27 10:36:00 - PHP Warning:  getimagesize(): Filename cannot be empty in /var/www/html/opencart/catalog/view/theme/porto/template/extension/module/advanced_grid/products/index13.tpl on line 13
2017-02-27 10:36:00 - PHP Warning:  getimagesize(): Filename cannot be empty in /var/www/html/opencart/catalog/view/theme/porto/template/new_elements/product.tpl on line 12
2017-02-27 11:31:14 - PHP Warning:  getimagesize(): Filename cannot be empty in /var/www/html/opencart/catalog/view/theme/porto/template/extension/module/advanced_grid/products/default.tpl on line 17
2017-02-27 11:31:14 - PHP Warning:  getimagesize(): Filename cannot be empty in /var/www/html/opencart/catalog/view/theme/porto/template/extension/module/advanced_grid/products/index13.tpl on line 13
2017-02-27 11:31:14 - PHP Warning:  getimagesize(): Filename cannot be empty in /var/www/html/opencart/catalog/view/theme/porto/template/new_elements/product.tpl on line 12
2017-02-27 14:17:48 - PHP Warning:  getimagesize(): Filename cannot be empty in /var/www/html/opencart/catalog/view/theme/porto/template/extension/module/advanced_grid/products/index13.tpl on line 13
2017-02-27 14:17:48 - PHP Warning:  getimagesize(): Filename cannot be empty in /var/www/html/opencart/catalog/view/theme/porto/template/new_elements/product.tpl on line 12
2017-02-27 14:19:19 - PHP Notice:  Undefined variable: header in /var/www/html/opencart/admin/view/template/useradmin/useradmin.tpl on line 1
2017-02-27 14:20:10 - PHP Notice:  Undefined variable: header in /var/www/html/opencart/admin/view/template/useradmin/useradmin.tpl on line 1
2017-02-27 14:20:10 - PHP Notice:  Undefined variable: column_left in /var/www/html/opencart/admin/view/template/useradmin/useradmin.tpl on line 1
2017-02-27 14:20:10 - PHP Notice:  Undefined variable: footer in /var/www/html/opencart/admin/view/template/useradmin/useradmin.tpl on line 9
2017-02-27 14:23:08 - PHP Notice:  Undefined variable: header in /var/www/html/opencart/admin/view/template/useradmin/useradmin.tpl on line 1
2017-02-27 14:23:08 - PHP Notice:  Undefined variable: column_left in /var/www/html/opencart/admin/view/template/useradmin/useradmin.tpl on line 1
2017-02-27 14:23:08 - PHP Notice:  Undefined variable: footer in /var/www/html/opencart/admin/view/template/useradmin/useradmin.tpl on line 9
2017-02-27 14:23:10 - PHP Notice:  Undefined variable: header in /var/www/html/opencart/admin/view/template/useradmin/useradmin.tpl on line 1
2017-02-27 14:23:10 - PHP Notice:  Undefined variable: column_left in /var/www/html/opencart/admin/view/template/useradmin/useradmin.tpl on line 1
2017-02-27 14:23:10 - PHP Notice:  Undefined variable: footer in /var/www/html/opencart/admin/view/template/useradmin/useradmin.tpl on line 9
2017-02-27 14:23:11 - PHP Notice:  Undefined variable: header in /var/www/html/opencart/admin/view/template/useradmin/useradmin.tpl on line 1
2017-02-27 14:23:11 - PHP Notice:  Undefined variable: column_left in /var/www/html/opencart/admin/view/template/useradmin/useradmin.tpl on line 1
2017-02-27 14:23:11 - PHP Notice:  Undefined variable: footer in /var/www/html/opencart/admin/view/template/useradmin/useradmin.tpl on line 9
2017-02-27 14:23:11 - PHP Notice:  Undefined variable: header in /var/www/html/opencart/admin/view/template/useradmin/useradmin.tpl on line 1
2017-02-27 14:23:11 - PHP Notice:  Undefined variable: column_left in /var/www/html/opencart/admin/view/template/useradmin/useradmin.tpl on line 1
2017-02-27 14:23:11 - PHP Notice:  Undefined variable: footer in /var/www/html/opencart/admin/view/template/useradmin/useradmin.tpl on line 9
2017-02-27 14:23:11 - PHP Notice:  Undefined variable: header in /var/www/html/opencart/admin/view/template/useradmin/useradmin.tpl on line 1
2017-02-27 14:23:11 - PHP Notice:  Undefined variable: column_left in /var/www/html/opencart/admin/view/template/useradmin/useradmin.tpl on line 1
2017-02-27 14:23:11 - PHP Notice:  Undefined variable: footer in /var/www/html/opencart/admin/view/template/useradmin/useradmin.tpl on line 9
2017-02-27 14:23:28 - PHP Notice:  Undefined variable: column_left in /var/www/html/opencart/admin/view/template/useradmin/useradmin.tpl on line 1
2017-02-27 14:26:22 - PHP Notice:  Undefined variable: column_left in /var/www/html/opencart/admin/view/template/useradmin/useradmin.tpl on line 1
2017-02-27 15:13:15 - PHP Warning:  getimagesize(): Filename cannot be empty in /var/www/html/opencart/catalog/view/theme/porto/template/extension/module/advanced_grid/products/index13.tpl on line 13
2017-02-27 15:13:15 - PHP Warning:  getimagesize(): Filename cannot be empty in /var/www/html/opencart/catalog/view/theme/porto/template/new_elements/product.tpl on line 12
2017-02-27 15:26:52 - PHP Warning:  getimagesize(): Filename cannot be empty in /var/www/html/opencart/catalog/view/theme/porto/template/new_elements/product.tpl on line 12
2017-02-27 15:30:01 - PHP Warning:  getimagesize(): Filename cannot be empty in /var/www/html/opencart/catalog/view/theme/porto/template/extension/module/advanced_grid/products/index13.tpl on line 13
2017-02-27 15:30:01 - PHP Warning:  getimagesize(): Filename cannot be empty in /var/www/html/opencart/catalog/view/theme/porto/template/new_elements/product.tpl on line 12
2017-02-27 15:30:39 - PHP Warning:  getimagesize(): Filename cannot be empty in /var/www/html/opencart/catalog/view/theme/porto/template/extension/module/advanced_grid/products/default.tpl on line 17
2017-02-27 15:30:40 - PHP Warning:  getimagesize(): Filename cannot be empty in /var/www/html/opencart/catalog/view/theme/porto/template/extension/module/advanced_grid/products/index13.tpl on line 13
2017-02-27 15:30:40 - PHP Warning:  getimagesize(): Filename cannot be empty in /var/www/html/opencart/catalog/view/theme/porto/template/new_elements/product.tpl on line 12
2017-02-27 15:31:10 - PHP Notice:  Undefined variable: data in /var/www/html/opencart/catalog/controller/common/home.php on line 12
2017-02-27 15:31:10 - PHP Warning:  Invalid argument supplied for foreach() in /var/www/html/opencart/system/engine/loader.php on line 83
2017-02-27 15:31:10 - PHP Notice:  Undefined variable: header in /var/www/html/opencart/catalog/view/theme/porto/template/common/home.tpl on line 1
2017-02-27 15:31:10 - PHP Notice:  Undefined variable: column_left in /var/www/html/opencart/catalog/view/theme/porto/template/common/home.tpl on line 5
2017-02-27 15:31:10 - PHP Notice:  Undefined variable: column_right in /var/www/html/opencart/catalog/view/theme/porto/template/common/home.tpl on line 6
2017-02-27 15:35:16 - PHP Warning:  getimagesize(): Filename cannot be empty in /var/www/html/opencart/catalog/view/theme/porto/template/extension/module/advanced_grid/products/index13.tpl on line 13
2017-02-27 15:35:16 - PHP Warning:  getimagesize(): Filename cannot be empty in /var/www/html/opencart/catalog/view/theme/porto/template/new_elements/product.tpl on line 12
2017-02-27 15:36:30 - PHP Warning:  getimagesize(): Filename cannot be empty in /var/www/html/opencart/catalog/view/theme/porto/template/extension/module/advanced_grid/products/default.tpl on line 17
2017-02-27 15:36:30 - PHP Warning:  getimagesize(): Filename cannot be empty in /var/www/html/opencart/catalog/view/theme/porto/template/extension/module/advanced_grid/products/index13.tpl on line 13
2017-02-27 15:36:30 - PHP Warning:  getimagesize(): Filename cannot be empty in /var/www/html/opencart/catalog/view/theme/porto/template/new_elements/product.tpl on line 12
2017-02-27 15:37:04 - PHP Warning:  getimagesize(): Filename cannot be empty in /var/www/html/opencart/catalog/view/theme/porto/template/extension/module/advanced_grid/products/default.tpl on line 17
2017-02-27 15:37:28 - PHP Warning:  getimagesize(): Filename cannot be empty in /var/www/html/opencart/catalog/view/theme/porto/template/extension/module/advanced_grid/products/index13.tpl on line 13
2017-02-27 15:37:28 - PHP Warning:  getimagesize(): Filename cannot be empty in /var/www/html/opencart/catalog/view/theme/porto/template/new_elements/product.tpl on line 12
2017-02-27 15:44:36 - PHP Warning:  getimagesize(): Filename cannot be empty in /var/www/html/opencart/catalog/view/theme/porto/template/new_elements/product.tpl on line 12
2017-02-27 15:54:24 - PHP Warning:  getimagesize(): Filename cannot be empty in /var/www/html/opencart/catalog/view/theme/porto/template/extension/module/advanced_grid/products/index13.tpl on line 13
2017-02-27 15:54:24 - PHP Warning:  getimagesize(): Filename cannot be empty in /var/www/html/opencart/catalog/view/theme/porto/template/new_elements/product.tpl on line 12
2017-02-27 15:55:28 - PHP Warning:  getimagesize(): Filename cannot be empty in /var/www/html/opencart/catalog/view/theme/porto/template/new_elements/product.tpl on line 12
2017-02-27 16:55:16 - PHP Notice:  Undefined variable: logo in /var/www/html/opencart/admin/view/template/useradmin/useradmin.tpl on line 23
2017-02-27 16:55:16 - PHP Notice:  Undefined variable: placeholder in /var/www/html/opencart/admin/view/template/useradmin/useradmin.tpl on line 23
2017-02-27 16:55:16 - PHP Notice:  Undefined variable: config_logo in /var/www/html/opencart/admin/view/template/useradmin/useradmin.tpl on line 24
2017-02-27 16:55:16 - PHP Notice:  Undefined variable: token in /var/www/html/opencart/admin/view/template/useradmin/useradmin.tpl on line 47
2017-02-27 16:55:16 - PHP Notice:  Undefined variable: token in /var/www/html/opencart/admin/view/template/useradmin/useradmin.tpl on line 69
2017-02-27 16:55:16 - PHP Notice:  Undefined variable: text_select in /var/www/html/opencart/admin/view/template/useradmin/useradmin.tpl on line 78
2017-02-27 16:55:16 - PHP Notice:  Undefined variable: config_zone_id in /var/www/html/opencart/admin/view/template/useradmin/useradmin.tpl on line 84
2017-02-27 16:55:16 - PHP Notice:  Undefined variable: text_none in /var/www/html/opencart/admin/view/template/useradmin/useradmin.tpl on line 91
2017-02-27 16:55:21 - PHP Notice:  Undefined variable: logo in /var/www/html/opencart/admin/view/template/useradmin/useradmin.tpl on line 23
2017-02-27 16:55:21 - PHP Notice:  Undefined variable: placeholder in /var/www/html/opencart/admin/view/template/useradmin/useradmin.tpl on line 23
2017-02-27 16:55:21 - PHP Notice:  Undefined variable: config_logo in /var/www/html/opencart/admin/view/template/useradmin/useradmin.tpl on line 24
2017-02-27 16:55:21 - PHP Notice:  Undefined variable: token in /var/www/html/opencart/admin/view/template/useradmin/useradmin.tpl on line 47
2017-02-27 16:55:21 - PHP Notice:  Undefined variable: token in /var/www/html/opencart/admin/view/template/useradmin/useradmin.tpl on line 69
2017-02-27 16:55:21 - PHP Notice:  Undefined variable: text_select in /var/www/html/opencart/admin/view/template/useradmin/useradmin.tpl on line 78
2017-02-27 16:55:21 - PHP Notice:  Undefined variable: config_zone_id in /var/www/html/opencart/admin/view/template/useradmin/useradmin.tpl on line 84
2017-02-27 16:55:21 - PHP Notice:  Undefined variable: text_none in /var/www/html/opencart/admin/view/template/useradmin/useradmin.tpl on line 91
2017-02-27 16:55:22 - PHP Notice:  Undefined variable: logo in /var/www/html/opencart/admin/view/template/useradmin/useradmin.tpl on line 23
2017-02-27 16:55:22 - PHP Notice:  Undefined variable: placeholder in /var/www/html/opencart/admin/view/template/useradmin/useradmin.tpl on line 23
2017-02-27 16:55:22 - PHP Notice:  Undefined variable: config_logo in /var/www/html/opencart/admin/view/template/useradmin/useradmin.tpl on line 24
2017-02-27 16:55:22 - PHP Notice:  Undefined variable: token in /var/www/html/opencart/admin/view/template/useradmin/useradmin.tpl on line 47
2017-02-27 16:55:22 - PHP Notice:  Undefined variable: token in /var/www/html/opencart/admin/view/template/useradmin/useradmin.tpl on line 69
2017-02-27 16:55:22 - PHP Notice:  Undefined variable: text_select in /var/www/html/opencart/admin/view/template/useradmin/useradmin.tpl on line 78
2017-02-27 16:55:22 - PHP Notice:  Undefined variable: config_zone_id in /var/www/html/opencart/admin/view/template/useradmin/useradmin.tpl on line 84
2017-02-27 16:55:22 - PHP Notice:  Undefined variable: text_none in /var/www/html/opencart/admin/view/template/useradmin/useradmin.tpl on line 91
2017-02-27 16:55:24 - PHP Notice:  Undefined variable: logo in /var/www/html/opencart/admin/view/template/useradmin/useradmin.tpl on line 23
2017-02-27 16:55:24 - PHP Notice:  Undefined variable: placeholder in /var/www/html/opencart/admin/view/template/useradmin/useradmin.tpl on line 23
2017-02-27 16:55:24 - PHP Notice:  Undefined variable: config_logo in /var/www/html/opencart/admin/view/template/useradmin/useradmin.tpl on line 24
2017-02-27 16:55:24 - PHP Notice:  Undefined variable: token in /var/www/html/opencart/admin/view/template/useradmin/useradmin.tpl on line 47
2017-02-27 16:55:24 - PHP Notice:  Undefined variable: token in /var/www/html/opencart/admin/view/template/useradmin/useradmin.tpl on line 69
2017-02-27 16:55:24 - PHP Notice:  Undefined variable: text_select in /var/www/html/opencart/admin/view/template/useradmin/useradmin.tpl on line 78
2017-02-27 16:55:24 - PHP Notice:  Undefined variable: config_zone_id in /var/www/html/opencart/admin/view/template/useradmin/useradmin.tpl on line 84
2017-02-27 16:55:24 - PHP Notice:  Undefined variable: text_none in /var/www/html/opencart/admin/view/template/useradmin/useradmin.tpl on line 91
2017-02-27 16:55:24 - PHP Notice:  Undefined variable: logo in /var/www/html/opencart/admin/view/template/useradmin/useradmin.tpl on line 23
2017-02-27 16:55:24 - PHP Notice:  Undefined variable: placeholder in /var/www/html/opencart/admin/view/template/useradmin/useradmin.tpl on line 23
2017-02-27 16:55:24 - PHP Notice:  Undefined variable: config_logo in /var/www/html/opencart/admin/view/template/useradmin/useradmin.tpl on line 24
2017-02-27 16:55:24 - PHP Notice:  Undefined variable: token in /var/www/html/opencart/admin/view/template/useradmin/useradmin.tpl on line 47
2017-02-27 16:55:24 - PHP Notice:  Undefined variable: token in /var/www/html/opencart/admin/view/template/useradmin/useradmin.tpl on line 69
2017-02-27 16:55:24 - PHP Notice:  Undefined variable: text_select in /var/www/html/opencart/admin/view/template/useradmin/useradmin.tpl on line 78
2017-02-27 16:55:24 - PHP Notice:  Undefined variable: config_zone_id in /var/www/html/opencart/admin/view/template/useradmin/useradmin.tpl on line 84
2017-02-27 16:55:24 - PHP Notice:  Undefined variable: text_none in /var/www/html/opencart/admin/view/template/useradmin/useradmin.tpl on line 91
2017-02-27 16:59:25 - PHP Notice:  Undefined variable: logo in /var/www/html/opencart/admin/view/template/useradmin/useradmin.tpl on line 23
2017-02-27 16:59:25 - PHP Notice:  Undefined variable: placeholder in /var/www/html/opencart/admin/view/template/useradmin/useradmin.tpl on line 23
2017-02-27 16:59:25 - PHP Notice:  Undefined variable: config_logo in /var/www/html/opencart/admin/view/template/useradmin/useradmin.tpl on line 24
2017-02-27 16:59:25 - PHP Notice:  Undefined variable: token in /var/www/html/opencart/admin/view/template/useradmin/useradmin.tpl on line 47
2017-02-27 16:59:25 - PHP Notice:  Undefined variable: token in /var/www/html/opencart/admin/view/template/useradmin/useradmin.tpl on line 69
2017-02-27 16:59:25 - PHP Notice:  Undefined variable: text_select in /var/www/html/opencart/admin/view/template/useradmin/useradmin.tpl on line 78
2017-02-27 16:59:25 - PHP Notice:  Undefined variable: config_zone_id in /var/www/html/opencart/admin/view/template/useradmin/useradmin.tpl on line 84
2017-02-27 16:59:25 - PHP Notice:  Undefined variable: text_none in /var/www/html/opencart/admin/view/template/useradmin/useradmin.tpl on line 91
2017-02-27 16:59:50 - PHP Notice:  Undefined variable: logo in /var/www/html/opencart/admin/view/template/useradmin/useradmin.tpl on line 23
2017-02-27 16:59:50 - PHP Notice:  Undefined variable: placeholder in /var/www/html/opencart/admin/view/template/useradmin/useradmin.tpl on line 23
2017-02-27 16:59:50 - PHP Notice:  Undefined variable: config_logo in /var/www/html/opencart/admin/view/template/useradmin/useradmin.tpl on line 24
2017-02-27 16:59:50 - PHP Notice:  Undefined variable: token in /var/www/html/opencart/admin/view/template/useradmin/useradmin.tpl on line 47
2017-02-27 16:59:50 - PHP Notice:  Undefined variable: token in /var/www/html/opencart/admin/view/template/useradmin/useradmin.tpl on line 69
2017-02-27 16:59:50 - PHP Notice:  Undefined variable: text_select in /var/www/html/opencart/admin/view/template/useradmin/useradmin.tpl on line 78
2017-02-27 16:59:50 - PHP Notice:  Undefined variable: config_zone_id in /var/www/html/opencart/admin/view/template/useradmin/useradmin.tpl on line 84
2017-02-27 16:59:50 - PHP Notice:  Undefined variable: text_none in /var/www/html/opencart/admin/view/template/useradmin/useradmin.tpl on line 91
2017-02-27 17:01:01 - PHP Notice:  Undefined variable: logo in /var/www/html/opencart/admin/view/template/useradmin/useradmin.tpl on line 23
2017-02-27 17:01:01 - PHP Notice:  Undefined variable: placeholder in /var/www/html/opencart/admin/view/template/useradmin/useradmin.tpl on line 23
2017-02-27 17:01:01 - PHP Notice:  Undefined variable: config_logo in /var/www/html/opencart/admin/view/template/useradmin/useradmin.tpl on line 24
2017-02-27 17:01:01 - PHP Notice:  Undefined variable: token in /var/www/html/opencart/admin/view/template/useradmin/useradmin.tpl on line 47
2017-02-27 17:01:01 - PHP Notice:  Undefined variable: token in /var/www/html/opencart/admin/view/template/useradmin/useradmin.tpl on line 69
2017-02-27 17:01:01 - PHP Notice:  Undefined variable: text_select in /var/www/html/opencart/admin/view/template/useradmin/useradmin.tpl on line 78
2017-02-27 17:01:01 - PHP Notice:  Undefined variable: config_zone_id in /var/www/html/opencart/admin/view/template/useradmin/useradmin.tpl on line 84
2017-02-27 17:01:01 - PHP Notice:  Undefined variable: text_none in /var/www/html/opencart/admin/view/template/useradmin/useradmin.tpl on line 91
2017-02-27 17:01:01 - PHP Notice:  Undefined index: config_langdata in /var/www/html/opencart/admin/controller/useradmin/useradmin.php on line 11
2017-02-27 17:01:01 - PHP Notice:  Undefined variable: front_language_id in /var/www/html/opencart/admin/controller/useradmin/useradmin.php on line 11
2017-02-27 17:01:01 - PHP Notice:  Undefined index: config_langdata in /var/www/html/opencart/admin/controller/useradmin/useradmin.php on line 12
2017-02-27 17:01:01 - PHP Notice:  Undefined variable: front_language_id in /var/www/html/opencart/admin/controller/useradmin/useradmin.php on line 12
2017-02-27 17:01:01 - PHP Notice:  Undefined index: config_langdata in /var/www/html/opencart/admin/controller/useradmin/useradmin.php on line 13
2017-02-27 17:01:01 - PHP Notice:  Undefined variable: front_language_id in /var/www/html/opencart/admin/controller/useradmin/useradmin.php on line 13
2017-02-27 17:01:01 - PHP Notice:  Undefined index: config_langdata in /var/www/html/opencart/admin/controller/useradmin/useradmin.php on line 14
2017-02-27 17:01:01 - PHP Notice:  Undefined variable: front_language_id in /var/www/html/opencart/admin/controller/useradmin/useradmin.php on line 14
2017-02-27 17:01:01 - PHP Notice:  Undefined index: config_langdata in /var/www/html/opencart/admin/controller/useradmin/useradmin.php on line 15
2017-02-27 17:01:01 - PHP Notice:  Undefined variable: front_language_id in /var/www/html/opencart/admin/controller/useradmin/useradmin.php on line 15
2017-02-27 17:01:01 - PHP Notice:  Undefined index: config_langdata in /var/www/html/opencart/admin/controller/useradmin/useradmin.php on line 16
2017-02-27 17:01:01 - PHP Notice:  Undefined variable: front_language_id in /var/www/html/opencart/admin/controller/useradmin/useradmin.php on line 16
2017-02-27 17:01:01 - PHP Notice:  Undefined index: config_langdata in /var/www/html/opencart/admin/controller/useradmin/useradmin.php on line 17
2017-02-27 17:01:01 - PHP Notice:  Undefined variable: front_language_id in /var/www/html/opencart/admin/controller/useradmin/useradmin.php on line 17
2017-02-27 17:01:01 - PHP Notice:  Undefined index: config_langdata in /var/www/html/opencart/admin/controller/useradmin/useradmin.php on line 18
2017-02-27 17:01:01 - PHP Notice:  Undefined variable: front_language_id in /var/www/html/opencart/admin/controller/useradmin/useradmin.php on line 18
2017-02-27 17:01:01 - PHP Notice:  Undefined index: config_mail_regexp in /var/www/html/opencart/admin/controller/useradmin/useradmin.php on line 19
2017-02-27 17:05:26 - PHP Notice:  Undefined variable: logo in /var/www/html/opencart/admin/view/template/useradmin/useradmin.tpl on line 23
2017-02-27 17:05:26 - PHP Notice:  Undefined variable: placeholder in /var/www/html/opencart/admin/view/template/useradmin/useradmin.tpl on line 23
2017-02-27 17:05:26 - PHP Notice:  Undefined variable: config_logo in /var/www/html/opencart/admin/view/template/useradmin/useradmin.tpl on line 24
2017-02-27 17:05:26 - PHP Notice:  Undefined variable: token in /var/www/html/opencart/admin/view/template/useradmin/useradmin.tpl on line 47
2017-02-27 17:05:26 - PHP Notice:  Undefined variable: token in /var/www/html/opencart/admin/view/template/useradmin/useradmin.tpl on line 69
2017-02-27 17:05:26 - PHP Notice:  Undefined variable: text_select in /var/www/html/opencart/admin/view/template/useradmin/useradmin.tpl on line 78
2017-02-27 17:05:26 - PHP Notice:  Undefined variable: config_zone_id in /var/www/html/opencart/admin/view/template/useradmin/useradmin.tpl on line 84
2017-02-27 17:05:26 - PHP Notice:  Undefined variable: text_none in /var/www/html/opencart/admin/view/template/useradmin/useradmin.tpl on line 91
2017-02-27 17:05:28 - PHP Notice:  Undefined variable: logo in /var/www/html/opencart/admin/view/template/useradmin/useradmin.tpl on line 23
2017-02-27 17:05:28 - PHP Notice:  Undefined variable: placeholder in /var/www/html/opencart/admin/view/template/useradmin/useradmin.tpl on line 23
2017-02-27 17:05:28 - PHP Notice:  Undefined variable: config_logo in /var/www/html/opencart/admin/view/template/useradmin/useradmin.tpl on line 24
2017-02-27 17:05:28 - PHP Notice:  Undefined variable: token in /var/www/html/opencart/admin/view/template/useradmin/useradmin.tpl on line 47
2017-02-27 17:05:28 - PHP Notice:  Undefined variable: token in /var/www/html/opencart/admin/view/template/useradmin/useradmin.tpl on line 69
2017-02-27 17:05:28 - PHP Notice:  Undefined variable: text_select in /var/www/html/opencart/admin/view/template/useradmin/useradmin.tpl on line 78
2017-02-27 17:05:28 - PHP Notice:  Undefined variable: config_zone_id in /var/www/html/opencart/admin/view/template/useradmin/useradmin.tpl on line 84
2017-02-27 17:05:28 - PHP Notice:  Undefined variable: text_none in /var/www/html/opencart/admin/view/template/useradmin/useradmin.tpl on line 91
2017-02-27 17:05:28 - PHP Notice:  Undefined variable: logo in /var/www/html/opencart/admin/view/template/useradmin/useradmin.tpl on line 23
2017-02-27 17:05:28 - PHP Notice:  Undefined variable: placeholder in /var/www/html/opencart/admin/view/template/useradmin/useradmin.tpl on line 23
2017-02-27 17:05:28 - PHP Notice:  Undefined variable: config_logo in /var/www/html/opencart/admin/view/template/useradmin/useradmin.tpl on line 24
2017-02-27 17:05:28 - PHP Notice:  Undefined variable: token in /var/www/html/opencart/admin/view/template/useradmin/useradmin.tpl on line 47
2017-02-27 17:05:28 - PHP Notice:  Undefined variable: token in /var/www/html/opencart/admin/view/template/useradmin/useradmin.tpl on line 69
2017-02-27 17:05:28 - PHP Notice:  Undefined variable: text_select in /var/www/html/opencart/admin/view/template/useradmin/useradmin.tpl on line 78
2017-02-27 17:05:28 - PHP Notice:  Undefined variable: config_zone_id in /var/www/html/opencart/admin/view/template/useradmin/useradmin.tpl on line 84
2017-02-27 17:05:28 - PHP Notice:  Undefined variable: text_none in /var/www/html/opencart/admin/view/template/useradmin/useradmin.tpl on line 91
2017-02-27 17:05:29 - PHP Notice:  Undefined variable: logo in /var/www/html/opencart/admin/view/template/useradmin/useradmin.tpl on line 23
2017-02-27 17:05:29 - PHP Notice:  Undefined variable: placeholder in /var/www/html/opencart/admin/view/template/useradmin/useradmin.tpl on line 23
2017-02-27 17:05:29 - PHP Notice:  Undefined variable: config_logo in /var/www/html/opencart/admin/view/template/useradmin/useradmin.tpl on line 24
2017-02-27 17:05:29 - PHP Notice:  Undefined variable: token in /var/www/html/opencart/admin/view/template/useradmin/useradmin.tpl on line 47
2017-02-27 17:05:29 - PHP Notice:  Undefined variable: token in /var/www/html/opencart/admin/view/template/useradmin/useradmin.tpl on line 69
2017-02-27 17:05:29 - PHP Notice:  Undefined variable: text_select in /var/www/html/opencart/admin/view/template/useradmin/useradmin.tpl on line 78
2017-02-27 17:05:29 - PHP Notice:  Undefined variable: config_zone_id in /var/www/html/opencart/admin/view/template/useradmin/useradmin.tpl on line 84
2017-02-27 17:05:29 - PHP Notice:  Undefined variable: text_none in /var/www/html/opencart/admin/view/template/useradmin/useradmin.tpl on line 91
2017-02-27 17:05:29 - PHP Notice:  Undefined variable: logo in /var/www/html/opencart/admin/view/template/useradmin/useradmin.tpl on line 23
2017-02-27 17:05:29 - PHP Notice:  Undefined variable: placeholder in /var/www/html/opencart/admin/view/template/useradmin/useradmin.tpl on line 23
2017-02-27 17:05:29 - PHP Notice:  Undefined variable: config_logo in /var/www/html/opencart/admin/view/template/useradmin/useradmin.tpl on line 24
2017-02-27 17:05:29 - PHP Notice:  Undefined variable: token in /var/www/html/opencart/admin/view/template/useradmin/useradmin.tpl on line 47
2017-02-27 17:05:29 - PHP Notice:  Undefined variable: token in /var/www/html/opencart/admin/view/template/useradmin/useradmin.tpl on line 69
2017-02-27 17:05:29 - PHP Notice:  Undefined variable: text_select in /var/www/html/opencart/admin/view/template/useradmin/useradmin.tpl on line 78
2017-02-27 17:05:29 - PHP Notice:  Undefined variable: config_zone_id in /var/www/html/opencart/admin/view/template/useradmin/useradmin.tpl on line 84
2017-02-27 17:05:29 - PHP Notice:  Undefined variable: text_none in /var/www/html/opencart/admin/view/template/useradmin/useradmin.tpl on line 91
2017-02-27 17:05:29 - PHP Notice:  Undefined variable: logo in /var/www/html/opencart/admin/view/template/useradmin/useradmin.tpl on line 23
2017-02-27 17:05:29 - PHP Notice:  Undefined variable: placeholder in /var/www/html/opencart/admin/view/template/useradmin/useradmin.tpl on line 23
2017-02-27 17:05:29 - PHP Notice:  Undefined variable: config_logo in /var/www/html/opencart/admin/view/template/useradmin/useradmin.tpl on line 24
2017-02-27 17:05:29 - PHP Notice:  Undefined variable: token in /var/www/html/opencart/admin/view/template/useradmin/useradmin.tpl on line 47
2017-02-27 17:05:29 - PHP Notice:  Undefined variable: token in /var/www/html/opencart/admin/view/template/useradmin/useradmin.tpl on line 69
2017-02-27 17:05:29 - PHP Notice:  Undefined variable: text_select in /var/www/html/opencart/admin/view/template/useradmin/useradmin.tpl on line 78
2017-02-27 17:05:29 - PHP Notice:  Undefined variable: config_zone_id in /var/www/html/opencart/admin/view/template/useradmin/useradmin.tpl on line 84
2017-02-27 17:05:29 - PHP Notice:  Undefined variable: text_none in /var/www/html/opencart/admin/view/template/useradmin/useradmin.tpl on line 91
2017-02-27 17:05:30 - PHP Notice:  Undefined variable: logo in /var/www/html/opencart/admin/view/template/useradmin/useradmin.tpl on line 23
2017-02-27 17:05:30 - PHP Notice:  Undefined variable: placeholder in /var/www/html/opencart/admin/view/template/useradmin/useradmin.tpl on line 23
2017-02-27 17:05:30 - PHP Notice:  Undefined variable: config_logo in /var/www/html/opencart/admin/view/template/useradmin/useradmin.tpl on line 24
2017-02-27 17:05:30 - PHP Notice:  Undefined variable: token in /var/www/html/opencart/admin/view/template/useradmin/useradmin.tpl on line 47
2017-02-27 17:05:30 - PHP Notice:  Undefined variable: token in /var/www/html/opencart/admin/view/template/useradmin/useradmin.tpl on line 69
2017-02-27 17:05:30 - PHP Notice:  Undefined variable: text_select in /var/www/html/opencart/admin/view/template/useradmin/useradmin.tpl on line 78
2017-02-27 17:05:30 - PHP Notice:  Undefined variable: config_zone_id in /var/www/html/opencart/admin/view/template/useradmin/useradmin.tpl on line 84
2017-02-27 17:05:30 - PHP Notice:  Undefined variable: text_none in /var/www/html/opencart/admin/view/template/useradmin/useradmin.tpl on line 91
2017-02-28 8:34:54 - PHP Warning:  getimagesize(): Filename cannot be empty in /var/www/html/opencart/catalog/view/theme/porto/template/extension/module/advanced_grid/products/index13.tpl on line 13
2017-02-28 10:02:59 - PHP Notice:  Use of undefined constant REV_DIR_CONFIG - assumed 'REV_DIR_CONFIG' in /var/www/html/opencart/admin/controller/useradmin/useradmin.php on line 1380
2017-02-28 10:15:16 - PHP Notice:  Undefined variable: rev_content in /var/www/html/opencart/admin/view/template/useradmin/useradmin.tpl on line 66
2017-02-28 10:23:44 - PHP Notice:  Use of undefined constant REV_DIR_CONFIG - assumed 'REV_DIR_CONFIG' in /var/www/html/opencart/admin/controller/useradmin/useradmin.php on line 1383
2017-02-28 11:06:19 - PHP Notice:  Undefined variable: rev_content in /var/www/html/opencart/admin/view/template/useradmin/useradmin.tpl on line 68
2017-02-28 11:06:53 - PHP Notice:  Undefined variable: rev_content in /var/www/html/opencart/admin/view/template/useradmin/useradmin.tpl on line 68
2017-02-28 11:07:36 - PHP Notice:  Undefined variable: rev_content in /var/www/html/opencart/admin/view/template/useradmin/useradmin.tpl on line 68
2017-02-28 11:07:50 - PHP Notice:  Undefined variable: rev_content in /var/www/html/opencart/admin/view/template/useradmin/useradmin.tpl on line 68
2017-02-28 11:08:05 - PHP Notice:  Undefined variable: rev_content in /var/www/html/opencart/admin/view/template/useradmin/useradmin.tpl on line 68
2017-02-28 11:08:08 - PHP Notice:  Undefined variable: rev_content in /var/www/html/opencart/admin/view/template/useradmin/useradmin.tpl on line 68
2017-02-28 11:08:12 - PHP Notice:  Undefined variable: rev_content in /var/www/html/opencart/admin/view/template/useradmin/useradmin.tpl on line 68
2017-02-28 11:08:28 - PHP Notice:  Undefined variable: rev_content in /var/www/html/opencart/admin/view/template/useradmin/useradmin.tpl on line 68
2017-02-28 11:08:39 - PHP Notice:  Undefined variable: rev_content in /var/www/html/opencart/admin/view/template/useradmin/useradmin.tpl on line 68
2017-02-28 11:08:46 - PHP Notice:  Undefined variable: rev_content in /var/www/html/opencart/admin/view/template/useradmin/useradmin.tpl on line 68
2017-02-28 11:12:16 - PHP Notice:  Undefined variable: rev_content in /var/www/html/opencart/admin/view/template/useradmin/useradmin.tpl on line 68
2017-02-28 11:38:32 - PHP Notice:  Undefined variable: button_save in /var/www/html/opencart/admin/view/template/useradmin/slider.tpl on line 7
2017-02-28 11:38:32 - PHP Notice:  Undefined variable: cancel in /var/www/html/opencart/admin/view/template/useradmin/slider.tpl on line 8
2017-02-28 11:38:32 - PHP Notice:  Undefined variable: button_cancel in /var/www/html/opencart/admin/view/template/useradmin/slider.tpl on line 8
2017-02-28 11:38:32 - PHP Notice:  Undefined variable: heading_title in /var/www/html/opencart/admin/view/template/useradmin/slider.tpl on line 9
2017-02-28 11:38:32 - PHP Notice:  Undefined variable: breadcrumbs in /var/www/html/opencart/admin/view/template/useradmin/slider.tpl on line 11
2017-02-28 11:38:32 - PHP Warning:  Invalid argument supplied for foreach() in /var/www/html/opencart/admin/view/template/useradmin/slider.tpl on line 11
2017-02-28 11:38:32 - PHP Notice:  Undefined variable: error_warning in /var/www/html/opencart/admin/view/template/useradmin/slider.tpl on line 18
2017-02-28 11:39:35 - PHP Notice:  Undefined variable: breadcrumbs in /var/www/html/opencart/admin/view/template/useradmin/slider.tpl on line 11
2017-02-28 11:39:35 - PHP Warning:  Invalid argument supplied for foreach() in /var/www/html/opencart/admin/view/template/useradmin/slider.tpl on line 11
2017-02-28 11:39:35 - PHP Notice:  Undefined variable: error_warning in /var/www/html/opencart/admin/view/template/useradmin/slider.tpl on line 18
2017-02-28 11:45:45 - PHP Notice:  Undefined variable: rev_content in /var/www/html/opencart/admin/view/template/useradmin/useradmin.tpl on line 68
